<?xml version="1.0" encoding="UTF-8"?>
<!-- Generated by org.testng.reporters.JUnitReportReporter -->
<testsuite hostname="WINCTRL-CRNJA54" failures="0" tests="2" name="qaclickacademy.MavenJavaa.SeleniumTest" time="0.001" errors="0" timestamp="2022-02-23T23:45:10 IST" skipped="0">
  <testcase classname="qaclickacademy.MavenJavaa.SeleniumTest" name="BrowserAutomation" time="0.000"/>
  <system-out/>
  <testcase classname="qaclickacademy.MavenJavaa.SeleniumTest" name="elementUI" time="0.001"/>
  <system-out/>
</testsuite> <!-- qaclickacademy.MavenJavaa.SeleniumTest -->
