<?xml version="1.0" encoding="UTF-8"?>
<!-- Generated by org.testng.reporters.JUnitReportReporter -->
<testsuite hostname="WINCTRL-CRNJA54" failures="0" tests="2" name="qaclickacademy.MavenJavaa.AppiumTest" time="0.007" errors="0" timestamp="2022-02-23T23:45:10 IST" skipped="0">
  <testcase classname="qaclickacademy.MavenJavaa.AppiumTest" name="IOSApps" time="0.006"/>
  <system-out/>
  <testcase classname="qaclickacademy.MavenJavaa.AppiumTest" name="NativeAppAndroid" time="0.001"/>
  <system-out/>
</testsuite> <!-- qaclickacademy.MavenJavaa.AppiumTest -->
